<?xml version="1.0" encoding="UTF-8"?>
<!-- Generated by org.testng.reporters.JUnitXMLReporter -->
<testsuite hostname="TYSS-4F-046" ignored="0" name="Default test(failed)" tests="1" failures="1" timestamp="12 Jul 2017 04:36:46 GMT" time="78.199" errors="0">
  <testcase name="testBuyAProduct_TS_01" time="52.427" classname="com.shopclues.scripts.BuyAProduct_TS_01">
    <failure type="org.openqa.selenium.WebDriverException" message="Element is not clickable at point (712.5, 226.5). Other element would receive the click: &amp;lt;div id=&amp;quot;responseLoading_login&amp;quot; style=&amp;quot;&amp;quot;&amp;gt;&amp;lt;/div&amp;gt;
Command duration or timeout: 82 milliseconds
Build info: version: &amp;apos;2.53.1&amp;apos;, revision: &amp;apos;a36b8b1&amp;apos;, time: &amp;apos;2016-06-30 17:37:03&amp;apos;
System info: host: &amp;apos;TYSS-4F-046&amp;apos;, ip: &amp;apos;10.10.14.87&amp;apos;, os.name: &amp;apos;Windows 10&amp;apos;, os.arch: &amp;apos;amd64&amp;apos;, os.version: &amp;apos;10.0&amp;apos;, java.version: &amp;apos;1.8.0_121&amp;apos;
Driver info: org.openqa.selenium.firefox.FirefoxDriver
Capabilities [{applicationCacheEnabled=true, rotatable=false, handlesAlerts=true, databaseEnabled=true, version=46.0, platform=WINDOWS, nativeEvents=false, acceptSslCerts=true, webStorageEnabled=true, locationContextEnabled=true, browserName=firefox, takesScreenshot=true, javascriptEnabled=true, cssSelectorsEnabled=true}]
Session ID: 1e9802e2-f9cc-4d0f-a424-f5f115f41c0e">
      <![CDATA[org.openqa.selenium.WebDriverException: Element is not clickable at point (712.5, 226.5). Other element would receive the click: <div id="responseLoading_login" style=""></div>
Command duration or timeout: 82 milliseconds
Build info: version: '2.53.1', revision: 'a36b8b1', time: '2016-06-30 17:37:03'
System info: host: 'TYSS-4F-046', ip: '10.10.14.87', os.name: 'Windows 10', os.arch: 'amd64', os.version: '10.0', java.version: '1.8.0_121'
Driver info: org.openqa.selenium.firefox.FirefoxDriver
Capabilities [{applicationCacheEnabled=true, rotatable=false, handlesAlerts=true, databaseEnabled=true, version=46.0, platform=WINDOWS, nativeEvents=false, acceptSslCerts=true, webStorageEnabled=true, locationContextEnabled=true, browserName=firefox, takesScreenshot=true, javascriptEnabled=true, cssSelectorsEnabled=true}]
Session ID: 1e9802e2-f9cc-4d0f-a424-f5f115f41c0e
	at org.openqa.selenium.remote.ErrorHandler.createThrowable(ErrorHandler.java:206)
	at org.openqa.selenium.remote.ErrorHandler.throwIfResponseFailed(ErrorHandler.java:158)
	at org.openqa.selenium.remote.RemoteWebDriver.execute(RemoteWebDriver.java:678)
	at org.openqa.selenium.remote.RemoteWebElement.execute(RemoteWebElement.java:327)
	at org.openqa.selenium.remote.RemoteWebElement.click(RemoteWebElement.java:85)
	at org.openqa.selenium.support.pagefactory.internal.LocatingElementHandler.invoke(LocatingElementHandler.java:51)
	at com.sun.proxy.$Proxy9.click(Unknown Source)
	at com.shopclues.pages.LoginRegisterPage.enterLogInPassword(LoginRegisterPage.java:69)
	at com.shopclues.scripts.BuyAProduct_TS_01.testBuyAProduct_TS_01(BuyAProduct_TS_01.java:43)
... Removed 33 stack frames]]>
    </failure>
  </testcase> <!-- testBuyAProduct_TS_01 -->
</testsuite> <!-- Default test(failed) -->
